<?xml version="1.0" encoding="UTF-8"?>
<!-- Generated by org.testng.reporters.JUnitXMLReporter -->
<testsuite ignored="0" hostname="LAPTOP-TUSC32AE" failures="0" tests="4" name="Default test" time="0.076" errors="0" timestamp="2026-03-06T16:03:21 IST">
  <testcase classname="BasePackage.BaseClass" name="@BeforeTest openFlipkart" time="-1.772793200989E9">
    <failure type="org.testng.TestNGException" message="
Parameter &amp;apos;browser&amp;apos; is required by BeforeTest on method openFlipkart but has not been marked @Optional or defined
in C:\Users\adity\AppData\Local\Temp\testng-eclipse-546370180\testng-customsuite.xml">
      <![CDATA[org.testng.TestNGException: 
Parameter 'browser' is required by BeforeTest on method openFlipkart but has not been marked @Optional or defined
in C:\Users\adity\AppData\Local\Temp\testng-eclipse-546370180\testng-customsuite.xml
at org.testng.internal.Parameters.createParams(Parameters.java:264)
at org.testng.internal.Parameters.createParametersForMethod(Parameters.java:352)
at org.testng.internal.Parameters.createParameters(Parameters.java:690)
at org.testng.internal.Parameters.createConfigurationParameters(Parameters.java:163)
at org.testng.internal.invokers.ConfigInvoker.invokeConfigurations(ConfigInvoker.java:313)
at org.testng.TestRunner.invokeTestConfigurations(TestRunner.java:657)
at org.testng.TestRunner.beforeRun(TestRunner.java:646)
at org.testng.TestRunner.run(TestRunner.java:612)
at org.testng.SuiteRunner.runTest(SuiteRunner.java:421)
at org.testng.SuiteRunner.runSequentially(SuiteRunner.java:413)
at org.testng.SuiteRunner.privateRun(SuiteRunner.java:373)
at org.testng.SuiteRunner.run(SuiteRunner.java:312)
at org.testng.SuiteRunnerWorker.runSuite(SuiteRunnerWorker.java:52)
at org.testng.SuiteRunnerWorker.run(SuiteRunnerWorker.java:95)
at org.testng.TestNG.runSuitesSequentially(TestNG.java:1274)
at org.testng.TestNG.runSuitesLocally(TestNG.java:1208)
at org.testng.TestNG.runSuites(TestNG.java:1112)
at org.testng.TestNG.run(TestNG.java:1079)
at org.testng.remote.AbstractRemoteTestNG.run(AbstractRemoteTestNG.java:115)
at org.testng.remote.RemoteTestNG.initAndRun(RemoteTestNG.java:293)
at org.testng.remote.RemoteTestNG.main(RemoteTestNG.java:91)
]]>
    </failure>
  </testcase> <!-- @BeforeTest openFlipkart -->
  <testcase classname="BasePackage.BaseClass" name="@AfterTest closeBrowser" time="0.0">
    <skipped/>
  </testcase> <!-- @AfterTest closeBrowser -->
  <testcase classname="TestPackage.HomeTest" name="EnterText" time="0.0">
    <skipped/>
  </testcase> <!-- EnterText -->
  <testcase classname="TestPackage.HomeTest" name="ClickOnIphone" time="0.0">
    <skipped/>
  </testcase> <!-- ClickOnIphone -->
  <testcase classname="TestPackage.HomeTest" name="switchtoproducttab" time="0.0">
    <skipped/>
  </testcase> <!-- switchtoproducttab -->
  <testcase classname="TestPackage.HomeTest" name="Redirection" time="0.0">
    <skipped/>
  </testcase> <!-- Redirection -->
</testsuite> <!-- Default test -->
