<?xml version="1.0" encoding="UTF-8"?>
<!-- Generated by org.testng.reporters.JUnitXMLReporter -->
<testsuite ignored="0" hostname="LAPTOP-TUSC32AE" failures="0" tests="4" name="Test" time="28.44" errors="0" timestamp="2026-03-07T15:16:34 IST">
  <testcase classname="TestPackage.HomeTest" name="EnterText" time="4.741"/>
  <testcase classname="TestPackage.HomeTest" name="ClickOnIphone" time="2.423"/>
  <testcase classname="TestPackage.HomeTest" name="switchtoproducttab" time="4.293"/>
  <testcase classname="TestPackage.HomeTest" name="Redirection" time="12.443"/>
</testsuite> <!-- Test -->
