<?xml version="1.0" encoding="UTF-8"?>
<!-- Generated by org.testng.reporters.JUnitXMLReporter -->
<testsuite ignored="0" hostname="LAPTOP-TUSC32AE" failures="0" tests="4" name="Test1" time="26.88" errors="0" timestamp="2026-03-07T15:17:01 IST">
  <testcase classname="TestPackage.HomeTest" name="EnterText" time="5.091"/>
  <testcase classname="TestPackage.HomeTest" name="ClickOnIphone" time="2.375"/>
  <testcase classname="TestPackage.HomeTest" name="switchtoproducttab" time="4.309"/>
  <testcase classname="TestPackage.HomeTest" name="Redirection" time="12.354"/>
</testsuite> <!-- Test1 -->
