<?xml version="1.0" encoding="UTF-8"?>
<!-- Generated by org.testng.reporters.JUnitXMLReporter -->
<testsuite ignored="0" hostname="LAPTOP-TUSC32AE" failures="0" tests="4" name="Test" time="12.044" errors="0" timestamp="2026-02-18T23:49:14 IST">
  <testcase classname="TestPackage.HomeTest" name="EnterText" time="3.706"/>
  <testcase classname="TestPackage.HomeTest" name="ClickOnIphone" time="2.224"/>
  <testcase classname="TestPackage.HomeTest" name="switchtoproducttab" time="2.038"/>
  <testcase classname="TestPackage.HomeTest" name="Redirection" time="0.655"/>
</testsuite> <!-- Test -->
