<?xml version="1.0" encoding="UTF-8"?>
<testng-results ignored="0" total="8" passed="8" failed="0" skipped="0">
  <reporter-output>
  </reporter-output>
  <suite started-at="2026-03-07T15:16:05 IST" name="Suite" finished-at="2026-03-07T15:17:01 IST" duration-ms="55591">
    <groups>
    </groups>
    <test started-at="2026-03-07T15:16:05 IST" name="Test" finished-at="2026-03-07T15:16:34 IST" duration-ms="28440">
      <class name="TestPackage.HomeTest">
        <test-method is-config="true" signature="openFlipkart(java.lang.String)[pri:0, instance:TestPackage.HomeTest@247bddad]" started-at="2026-03-07T15:16:05 IST" name="openFlipkart" finished-at="2026-03-07T15:16:09 IST" duration-ms="3966" status="PASS">
          <params>
            <param index="0">
              <value>
                <![CDATA[chrome]]>
              </value>
            </param>
          </params>
          <reporter-output>
          </reporter-output>
        </test-method> <!-- openFlipkart -->
        <test-method signature="EnterText(java.lang.String)[pri:1, instance:TestPackage.HomeTest@247bddad]" started-at="2026-03-07T15:16:09 IST" name="EnterText" data-provider="testdata" finished-at="2026-03-07T15:16:14 IST" duration-ms="4741" status="PASS">
          <params>
            <param index="0">
              <value>
                <![CDATA[Iphone 15]]>
              </value>
            </param>
          </params>
          <reporter-output>
          </reporter-output>
        </test-method> <!-- EnterText -->
        <test-method signature="ClickOnIphone()[pri:2, instance:TestPackage.HomeTest@247bddad]" started-at="2026-03-07T15:16:14 IST" name="ClickOnIphone" finished-at="2026-03-07T15:16:17 IST" depends-on-methods="TestPackage.HomeTest.EnterText" duration-ms="2423" status="PASS">
          <reporter-output>
          </reporter-output>
        </test-method> <!-- ClickOnIphone -->
        <test-method signature="switchtoproducttab()[pri:3, instance:TestPackage.HomeTest@247bddad]" started-at="2026-03-07T15:16:17 IST" name="switchtoproducttab" finished-at="2026-03-07T15:16:21 IST" duration-ms="4293" status="PASS">
          <reporter-output>
          </reporter-output>
        </test-method> <!-- switchtoproducttab -->
        <test-method signature="Redirection()[pri:4, instance:TestPackage.HomeTest@247bddad]" started-at="2026-03-07T15:16:21 IST" name="Redirection" finished-at="2026-03-07T15:16:33 IST" duration-ms="12443" status="PASS">
          <reporter-output>
          </reporter-output>
        </test-method> <!-- Redirection -->
        <test-method is-config="true" signature="closeBrowser()[pri:0, instance:TestPackage.HomeTest@247bddad]" started-at="2026-03-07T15:16:33 IST" name="closeBrowser" finished-at="2026-03-07T15:16:34 IST" duration-ms="291" status="PASS">
          <reporter-output>
          </reporter-output>
        </test-method> <!-- closeBrowser -->
      </class> <!-- TestPackage.HomeTest -->
    </test> <!-- Test -->
    <test started-at="2026-03-07T15:16:34 IST" name="Test1" finished-at="2026-03-07T15:17:01 IST" duration-ms="26880">
      <class name="TestPackage.HomeTest">
        <test-method is-config="true" signature="openFlipkart(java.lang.String)[pri:0, instance:TestPackage.HomeTest@10d68fcd]" started-at="2026-03-07T15:16:34 IST" name="openFlipkart" finished-at="2026-03-07T15:16:36 IST" duration-ms="2462" status="PASS">
          <params>
            <param index="0">
              <value>
                <![CDATA[edge]]>
              </value>
            </param>
          </params>
          <reporter-output>
          </reporter-output>
        </test-method> <!-- openFlipkart -->
        <test-method signature="EnterText(java.lang.String)[pri:1, instance:TestPackage.HomeTest@10d68fcd]" started-at="2026-03-07T15:16:36 IST" name="EnterText" data-provider="testdata" finished-at="2026-03-07T15:16:41 IST" duration-ms="5091" status="PASS">
          <params>
            <param index="0">
              <value>
                <![CDATA[Iphone 15]]>
              </value>
            </param>
          </params>
          <reporter-output>
          </reporter-output>
        </test-method> <!-- EnterText -->
        <test-method signature="ClickOnIphone()[pri:2, instance:TestPackage.HomeTest@10d68fcd]" started-at="2026-03-07T15:16:41 IST" name="ClickOnIphone" finished-at="2026-03-07T15:16:44 IST" depends-on-methods="TestPackage.HomeTest.EnterText" duration-ms="2375" status="PASS">
          <reporter-output>
          </reporter-output>
        </test-method> <!-- ClickOnIphone -->
        <test-method signature="switchtoproducttab()[pri:3, instance:TestPackage.HomeTest@10d68fcd]" started-at="2026-03-07T15:16:44 IST" name="switchtoproducttab" finished-at="2026-03-07T15:16:48 IST" duration-ms="4309" status="PASS">
          <reporter-output>
          </reporter-output>
        </test-method> <!-- switchtoproducttab -->
        <test-method signature="Redirection()[pri:4, instance:TestPackage.HomeTest@10d68fcd]" started-at="2026-03-07T15:16:48 IST" name="Redirection" finished-at="2026-03-07T15:17:01 IST" duration-ms="12354" status="PASS">
          <reporter-output>
          </reporter-output>
        </test-method> <!-- Redirection -->
        <test-method is-config="true" signature="closeBrowser()[pri:0, instance:TestPackage.HomeTest@10d68fcd]" started-at="2026-03-07T15:17:01 IST" name="closeBrowser" finished-at="2026-03-07T15:17:01 IST" duration-ms="276" status="PASS">
          <reporter-output>
          </reporter-output>
        </test-method> <!-- closeBrowser -->
      </class> <!-- TestPackage.HomeTest -->
    </test> <!-- Test1 -->
  </suite> <!-- Suite -->
</testng-results>
