<?xml version="1.0" encoding="UTF-8"?>
<!-- Generated by org.testng.reporters.JUnitReportReporter -->
<testsuite hostname="LAPTOP-TUSC32AE" failures="0" tests="4" name="TestPackage.HomeTest" time="8.705" errors="0" timestamp="2026-02-17T13:03:23 IST" skipped="0">
  <testcase classname="TestPackage.HomeTest" name="EnterText" time="3.979"/>
  <testcase classname="TestPackage.HomeTest" name="ClickOnIphone" time="2.252"/>
  <testcase classname="TestPackage.HomeTest" name="switchtoproducttab" time="2.042"/>
  <testcase classname="TestPackage.HomeTest" name="Redirection" time="0.432"/>
</testsuite> <!-- TestPackage.HomeTest -->
