<?xml version="1.0" encoding="UTF-8"?>
<!-- Generated by org.testng.reporters.JUnitReportReporter -->
<testsuite hostname="LAPTOP-TUSC32AE" failures="0" tests="8" name="TestPackage.HomeTest" time="48.029" errors="0" timestamp="2026-03-07T15:17:01 IST" skipped="0">
  <testcase classname="TestPackage.HomeTest" name="EnterText" time="4.741"/>
  <testcase classname="TestPackage.HomeTest" name="EnterText" time="5.091"/>
  <testcase classname="TestPackage.HomeTest" name="ClickOnIphone" time="2.423"/>
  <testcase classname="TestPackage.HomeTest" name="ClickOnIphone" time="2.375"/>
  <testcase classname="TestPackage.HomeTest" name="switchtoproducttab" time="4.309"/>
  <testcase classname="TestPackage.HomeTest" name="switchtoproducttab" time="4.293"/>
  <testcase classname="TestPackage.HomeTest" name="Redirection" time="12.443"/>
  <testcase classname="TestPackage.HomeTest" name="Redirection" time="12.354"/>
</testsuite> <!-- TestPackage.HomeTest -->
